<?xml version="1.0" encoding="UTF-8"?>
<testsuite name="TestMoney" tests="8" skipped="0" failures="0" errors="0" timestamp="2015-12-15T05:22:22" hostname="iseonghoui-MacBook-Pro.local" time="0.074">
  <properties/>
  <testcase name="testReduceSum" classname="TestMoney" time="0.007"/>
  <testcase name="testSimpleAddition" classname="TestMoney" time="0.045"/>
  <testcase name="testPlusReturnSum" classname="TestMoney" time="0.006"/>
  <testcase name="testIdentityRate" classname="TestMoney" time="0.0"/>
  <testcase name="testCurrency" classname="TestMoney" time="0.001"/>
  <testcase name="testEquality" classname="TestMoney" time="0.001"/>
  <testcase name="testReduceMoneyDifferentCurrency" classname="TestMoney" time="0.001"/>
  <testcase name="testPrivateAmount" classname="TestMoney" time="0.0"/>
  <system-out><![CDATA[tdd.money.Sum@68969f16
]]></system-out>
  <system-err><![CDATA[]]></system-err>
</testsuite>
